{"/Users/nehasoni/Documents/projects/convert-rupees-into-words/index.js":{"path":"/Users/nehasoni/Documents/projects/convert-rupees-into-words/index.js","s":{"1":1,"2":1,"3":1,"4":1,"5":1,"6":1,"7":1,"8":1,"9":1,"10":1,"11":1,"12":1,"13":1,"14":1,"15":1,"16":1,"17":1,"18":1,"19":1,"20":1,"21":1,"22":1,"23":1,"24":1,"25":1,"26":1,"27":1,"28":1,"29":1,"30":1,"31":1,"32":1,"33":1,"34":3,"35":3,"36":3,"37":1,"38":2,"39":1,"40":1,"41":1,"42":0,"43":0,"44":1,"45":3,"46":3,"47":0,"48":3,"49":0,"50":3,"51":3,"52":3,"53":3,"54":3,"55":3,"56":3,"57":1,"58":2,"59":2,"60":2,"61":3,"62":3,"63":1,"64":2,"65":2,"66":2,"67":2,"68":1,"69":1,"70":1,"71":1,"72":2,"73":2,"74":2,"75":1,"76":1,"77":1,"78":1,"79":1,"80":1,"81":0,"82":0,"83":0,"84":1,"85":1,"86":1,"87":1,"88":0,"89":0,"90":0,"91":0,"92":0,"93":0,"94":0,"95":0,"96":0,"97":0,"98":0},"b":{"1":[1,2],"2":[1,1],"3":[2,2],"4":[1,0],"5":[1,1],"6":[0,0],"7":[0,0],"8":[0,3],"9":[0,3],"10":[3,0],"11":[1,2],"12":[1,1],"13":[1,0],"14":[0,0]},"f":{"1":3,"2":3,"3":2,"4":1,"5":0},"fnMap":{"1":{"name":"(anonymous_1)","line":34,"loc":{"start":{"line":34,"column":42},"end":{"line":34,"column":59}}},"2":{"name":"(anonymous_2)","line":53,"loc":{"start":{"line":53,"column":24},"end":{"line":53,"column":49}}},"3":{"name":"(anonymous_3)","line":82,"loc":{"start":{"line":82,"column":25},"end":{"line":82,"column":41}}},"4":{"name":"(anonymous_4)","line":99,"loc":{"start":{"line":99,"column":20},"end":{"line":99,"column":36}}},"5":{"name":"(anonymous_5)","line":116,"loc":{"start":{"line":116,"column":20},"end":{"line":116,"column":36}}}},"statementMap":{"1":{"start":{"line":1,"column":0},"end":{"line":1,"column":20}},"2":{"start":{"line":2,"column":0},"end":{"line":2,"column":24}},"3":{"start":{"line":3,"column":0},"end":{"line":3,"column":24}},"4":{"start":{"line":4,"column":0},"end":{"line":4,"column":26}},"5":{"start":{"line":5,"column":0},"end":{"line":5,"column":25}},"6":{"start":{"line":6,"column":0},"end":{"line":6,"column":25}},"7":{"start":{"line":7,"column":0},"end":{"line":7,"column":24}},"8":{"start":{"line":8,"column":0},"end":{"line":8,"column":26}},"9":{"start":{"line":9,"column":0},"end":{"line":9,"column":26}},"10":{"start":{"line":10,"column":0},"end":{"line":10,"column":25}},"11":{"start":{"line":11,"column":0},"end":{"line":11,"column":25}},"12":{"start":{"line":12,"column":0},"end":{"line":12,"column":28}},"13":{"start":{"line":13,"column":0},"end":{"line":13,"column":28}},"14":{"start":{"line":14,"column":0},"end":{"line":14,"column":30}},"15":{"start":{"line":15,"column":0},"end":{"line":15,"column":30}},"16":{"start":{"line":16,"column":0},"end":{"line":16,"column":29}},"17":{"start":{"line":17,"column":0},"end":{"line":17,"column":29}},"18":{"start":{"line":18,"column":0},"end":{"line":18,"column":31}},"19":{"start":{"line":19,"column":0},"end":{"line":19,"column":30}},"20":{"start":{"line":20,"column":0},"end":{"line":20,"column":30}},"21":{"start":{"line":21,"column":0},"end":{"line":21,"column":28}},"22":{"start":{"line":22,"column":0},"end":{"line":22,"column":28}},"23":{"start":{"line":23,"column":0},"end":{"line":23,"column":27}},"24":{"start":{"line":24,"column":0},"end":{"line":24,"column":27}},"25":{"start":{"line":25,"column":0},"end":{"line":25,"column":27}},"26":{"start":{"line":26,"column":0},"end":{"line":26,"column":29}},"27":{"start":{"line":27,"column":0},"end":{"line":27,"column":28}},"28":{"start":{"line":28,"column":0},"end":{"line":28,"column":28}},"29":{"start":{"line":29,"column":0},"end":{"line":29,"column":30}},"30":{"start":{"line":30,"column":0},"end":{"line":30,"column":32}},"31":{"start":{"line":31,"column":0},"end":{"line":31,"column":30}},"32":{"start":{"line":32,"column":0},"end":{"line":32,"column":33}},"33":{"start":{"line":34,"column":0},"end":{"line":51,"column":1}},"34":{"start":{"line":36,"column":4},"end":{"line":36,"column":39}},"35":{"start":{"line":37,"column":4},"end":{"line":37,"column":48}},"36":{"start":{"line":39,"column":4},"end":{"line":50,"column":5}},"37":{"start":{"line":40,"column":8},"end":{"line":40,"column":41}},"38":{"start":{"line":42,"column":9},"end":{"line":50,"column":5}},"39":{"start":{"line":43,"column":8},"end":{"line":43,"column":42}},"40":{"start":{"line":45,"column":9},"end":{"line":50,"column":5}},"41":{"start":{"line":46,"column":8},"end":{"line":46,"column":37}},"42":{"start":{"line":48,"column":9},"end":{"line":50,"column":5}},"43":{"start":{"line":49,"column":8},"end":{"line":49,"column":37}},"44":{"start":{"line":53,"column":0},"end":{"line":80,"column":1}},"45":{"start":{"line":54,"column":4},"end":{"line":54,"column":20}},"46":{"start":{"line":55,"column":4},"end":{"line":78,"column":5}},"47":{"start":{"line":56,"column":8},"end":{"line":56,"column":20}},"48":{"start":{"line":58,"column":9},"end":{"line":78,"column":5}},"49":{"start":{"line":59,"column":8},"end":{"line":59,"column":45}},"50":{"start":{"line":62,"column":8},"end":{"line":62,"column":28}},"51":{"start":{"line":63,"column":8},"end":{"line":63,"column":66}},"52":{"start":{"line":64,"column":8},"end":{"line":67,"column":9}},"53":{"start":{"line":65,"column":12},"end":{"line":65,"column":52}},"54":{"start":{"line":66,"column":12},"end":{"line":66,"column":45}},"55":{"start":{"line":68,"column":8},"end":{"line":68,"column":63}},"56":{"start":{"line":69,"column":8},"end":{"line":76,"column":9}},"57":{"start":{"line":70,"column":12},"end":{"line":70,"column":55}},"58":{"start":{"line":73,"column":12},"end":{"line":73,"column":61}},"59":{"start":{"line":74,"column":12},"end":{"line":74,"column":62}},"60":{"start":{"line":75,"column":12},"end":{"line":75,"column":68}},"61":{"start":{"line":77,"column":8},"end":{"line":77,"column":38}},"62":{"start":{"line":79,"column":4},"end":{"line":79,"column":18}},"63":{"start":{"line":82,"column":0},"end":{"line":97,"column":1}},"64":{"start":{"line":83,"column":4},"end":{"line":83,"column":71}},"65":{"start":{"line":84,"column":4},"end":{"line":84,"column":53}},"66":{"start":{"line":85,"column":4},"end":{"line":85,"column":24}},"67":{"start":{"line":86,"column":4},"end":{"line":93,"column":5}},"68":{"start":{"line":87,"column":8},"end":{"line":87,"column":52}},"69":{"start":{"line":90,"column":8},"end":{"line":90,"column":54}},"70":{"start":{"line":91,"column":8},"end":{"line":91,"column":54}},"71":{"start":{"line":92,"column":8},"end":{"line":92,"column":65}},"72":{"start":{"line":94,"column":4},"end":{"line":94,"column":38}},"73":{"start":{"line":95,"column":4},"end":{"line":95,"column":56}},"74":{"start":{"line":96,"column":4},"end":{"line":96,"column":32}},"75":{"start":{"line":99,"column":0},"end":{"line":114,"column":1}},"76":{"start":{"line":100,"column":4},"end":{"line":100,"column":75}},"77":{"start":{"line":101,"column":4},"end":{"line":101,"column":61}},"78":{"start":{"line":102,"column":4},"end":{"line":102,"column":24}},"79":{"start":{"line":103,"column":4},"end":{"line":110,"column":5}},"80":{"start":{"line":104,"column":8},"end":{"line":104,"column":52}},"81":{"start":{"line":107,"column":8},"end":{"line":107,"column":54}},"82":{"start":{"line":108,"column":8},"end":{"line":108,"column":54}},"83":{"start":{"line":109,"column":8},"end":{"line":109,"column":65}},"84":{"start":{"line":111,"column":4},"end":{"line":111,"column":40}},"85":{"start":{"line":112,"column":4},"end":{"line":112,"column":63}},"86":{"start":{"line":113,"column":4},"end":{"line":113,"column":32}},"87":{"start":{"line":116,"column":0},"end":{"line":131,"column":1}},"88":{"start":{"line":117,"column":4},"end":{"line":117,"column":79}},"89":{"start":{"line":118,"column":4},"end":{"line":118,"column":57}},"90":{"start":{"line":119,"column":4},"end":{"line":119,"column":24}},"91":{"start":{"line":120,"column":4},"end":{"line":127,"column":5}},"92":{"start":{"line":121,"column":8},"end":{"line":121,"column":52}},"93":{"start":{"line":124,"column":8},"end":{"line":124,"column":54}},"94":{"start":{"line":125,"column":8},"end":{"line":125,"column":54}},"95":{"start":{"line":126,"column":8},"end":{"line":126,"column":65}},"96":{"start":{"line":128,"column":4},"end":{"line":128,"column":42}},"97":{"start":{"line":129,"column":4},"end":{"line":129,"column":52}},"98":{"start":{"line":130,"column":4},"end":{"line":130,"column":32}}},"branchMap":{"1":{"line":39,"type":"if","locations":[{"start":{"line":39,"column":4},"end":{"line":39,"column":4}},{"start":{"line":39,"column":4},"end":{"line":39,"column":4}}]},"2":{"line":42,"type":"if","locations":[{"start":{"line":42,"column":9},"end":{"line":42,"column":9}},{"start":{"line":42,"column":9},"end":{"line":42,"column":9}}]},"3":{"line":42,"type":"binary-expr","locations":[{"start":{"line":42,"column":12},"end":{"line":42,"column":28}},{"start":{"line":42,"column":32},"end":{"line":42,"column":48}}]},"4":{"line":45,"type":"if","locations":[{"start":{"line":45,"column":9},"end":{"line":45,"column":9}},{"start":{"line":45,"column":9},"end":{"line":45,"column":9}}]},"5":{"line":45,"type":"binary-expr","locations":[{"start":{"line":45,"column":12},"end":{"line":45,"column":28}},{"start":{"line":45,"column":32},"end":{"line":45,"column":48}}]},"6":{"line":48,"type":"if","locations":[{"start":{"line":48,"column":9},"end":{"line":48,"column":9}},{"start":{"line":48,"column":9},"end":{"line":48,"column":9}}]},"7":{"line":48,"type":"binary-expr","locations":[{"start":{"line":48,"column":12},"end":{"line":48,"column":28}},{"start":{"line":48,"column":32},"end":{"line":48,"column":48}}]},"8":{"line":55,"type":"if","locations":[{"start":{"line":55,"column":4},"end":{"line":55,"column":4}},{"start":{"line":55,"column":4},"end":{"line":55,"column":4}}]},"9":{"line":58,"type":"if","locations":[{"start":{"line":58,"column":9},"end":{"line":58,"column":9}},{"start":{"line":58,"column":9},"end":{"line":58,"column":9}}]},"10":{"line":64,"type":"if","locations":[{"start":{"line":64,"column":8},"end":{"line":64,"column":8}},{"start":{"line":64,"column":8},"end":{"line":64,"column":8}}]},"11":{"line":69,"type":"if","locations":[{"start":{"line":69,"column":8},"end":{"line":69,"column":8}},{"start":{"line":69,"column":8},"end":{"line":69,"column":8}}]},"12":{"line":86,"type":"if","locations":[{"start":{"line":86,"column":4},"end":{"line":86,"column":4}},{"start":{"line":86,"column":4},"end":{"line":86,"column":4}}]},"13":{"line":103,"type":"if","locations":[{"start":{"line":103,"column":4},"end":{"line":103,"column":4}},{"start":{"line":103,"column":4},"end":{"line":103,"column":4}}]},"14":{"line":120,"type":"if","locations":[{"start":{"line":120,"column":4},"end":{"line":120,"column":4}},{"start":{"line":120,"column":4},"end":{"line":120,"column":4}}]}}}}