TN:
SF:/Users/nehasoni/Documents/projects/convert-rupees-into-words/index.js
FN:34,(anonymous_1)
FN:53,(anonymous_2)
FN:82,(anonymous_3)
FN:99,(anonymous_4)
FN:116,(anonymous_5)
FNF:5
FNH:4
FNDA:3,(anonymous_1)
FNDA:3,(anonymous_2)
FNDA:2,(anonymous_3)
FNDA:1,(anonymous_4)
FNDA:0,(anonymous_5)
DA:1,1
DA:2,1
DA:3,1
DA:4,1
DA:5,1
DA:6,1
DA:7,1
DA:8,1
DA:9,1
DA:10,1
DA:11,1
DA:12,1
DA:13,1
DA:14,1
DA:15,1
DA:16,1
DA:17,1
DA:18,1
DA:19,1
DA:20,1
DA:21,1
DA:22,1
DA:23,1
DA:24,1
DA:25,1
DA:26,1
DA:27,1
DA:28,1
DA:29,1
DA:30,1
DA:31,1
DA:32,1
DA:34,1
DA:36,3
DA:37,3
DA:39,3
DA:40,1
DA:42,2
DA:43,1
DA:45,1
DA:46,1
DA:48,0
DA:49,0
DA:53,1
DA:54,3
DA:55,3
DA:56,0
DA:58,3
DA:59,0
DA:62,3
DA:63,3
DA:64,3
DA:65,3
DA:66,3
DA:68,3
DA:69,3
DA:70,1
DA:73,2
DA:74,2
DA:75,2
DA:77,3
DA:79,3
DA:82,1
DA:83,2
DA:84,2
DA:85,2
DA:86,2
DA:87,1
DA:90,1
DA:91,1
DA:92,1
DA:94,2
DA:95,2
DA:96,2
DA:99,1
DA:100,1
DA:101,1
DA:102,1
DA:103,1
DA:104,1
DA:107,0
DA:108,0
DA:109,0
DA:111,1
DA:112,1
DA:113,1
DA:116,1
DA:117,0
DA:118,0
DA:119,0
DA:120,0
DA:121,0
DA:124,0
DA:125,0
DA:126,0
DA:128,0
DA:129,0
DA:130,0
LF:98
LH:80
BRDA:39,1,0,1
BRDA:39,1,1,2
BRDA:42,2,0,1
BRDA:42,2,1,1
BRDA:42,3,0,2
BRDA:42,3,1,2
BRDA:45,4,0,1
BRDA:45,4,1,0
BRDA:45,5,0,1
BRDA:45,5,1,1
BRDA:48,6,0,0
BRDA:48,6,1,0
BRDA:48,7,0,0
BRDA:48,7,1,0
BRDA:55,8,0,0
BRDA:55,8,1,3
BRDA:58,9,0,0
BRDA:58,9,1,3
BRDA:64,10,0,3
BRDA:64,10,1,0
BRDA:69,11,0,1
BRDA:69,11,1,2
BRDA:86,12,0,1
BRDA:86,12,1,1
BRDA:103,13,0,1
BRDA:103,13,1,0
BRDA:120,14,0,0
BRDA:120,14,1,0
BRF:28
BRH:17
end_of_record
